::1 - - [13/Nov/2018:03:37:44 +0000] "GET /api/dfs HTTP/1.1" 404 9 "-" "Mozilla/5.0 (Windows NT 10.0; Win64; x64) AppleWebKit/537.36 (KHTML, like Gecko) Chrome/70.0.3538.102 Safari/537.36"
::1 - - [13/Nov/2018:03:37:44 +0000] "GET /favicon.ico HTTP/1.1" 404 9 "http://localhost:3000/api/dfs" "Mozilla/5.0 (Windows NT 10.0; Win64; x64) AppleWebKit/537.36 (KHTML, like Gecko) Chrome/70.0.3538.102 Safari/537.36"
::1 - - [13/Nov/2018:03:52:54 +0000] "GET /api/test HTTP/1.1" 200 26 "-" "Mozilla/5.0 (Windows NT 10.0; Win64; x64) AppleWebKit/537.36 (KHTML, like Gecko) Chrome/70.0.3538.102 Safari/537.36"
::1 - - [13/Nov/2018:23:37:16 +0000] "POST /api/users HTTP/1.1" 500 2294 "-" "PostmanRuntime/7.3.0"
::1 - - [13/Nov/2018:23:44:21 +0000] "POST /api/users HTTP/1.1" 500 2006 "-" "PostmanRuntime/7.3.0"
::1 - - [13/Nov/2018:23:48:29 +0000] "POST /api/users HTTP/1.1" 200 17 "-" "PostmanRuntime/7.3.0"
::1 - - [13/Nov/2018:23:49:36 +0000] "POST /api/users HTTP/1.1" 200 23 "-" "PostmanRuntime/7.3.0"
::1 - - [13/Nov/2018:23:50:41 +0000] "POST /api/users HTTP/1.1" 200 23 "-" "PostmanRuntime/7.3.0"
::1 - - [14/Nov/2018:00:03:55 +0000] "POST /api/login HTTP/1.1" 200 211 "-" "PostmanRuntime/7.3.0"
::1 - - [14/Nov/2018:00:30:02 +0000] "GET /api/users HTTP/1.1" 403 45 "-" "PostmanRuntime/7.3.0"
::1 - - [14/Nov/2018:00:30:29 +0000] "GET /api/users HTTP/1.1" 403 28 "-" "PostmanRuntime/7.3.0"
::1 - - [14/Nov/2018:00:36:54 +0000] "GET /api/users HTTP/1.1" 200 398 "-" "PostmanRuntime/7.3.0"
::1 - - [14/Nov/2018:00:39:51 +0000] "GET /api/users HTTP/1.1" 200 324 "-" "PostmanRuntime/7.3.0"
::1 - - [14/Nov/2018:00:41:29 +0000] "GET /logs/log HTTP/1.1" - - "-" "Mozilla/5.0 (Windows NT 10.0; Win64; x64; rv:63.0) Gecko/20100101 Firefox/63.0"
::1 - - [14/Nov/2018:00:43:29 +0000] "GET /log/access.log HTTP/1.1" - - "-" "Mozilla/5.0 (Windows NT 10.0; Win64; x64; rv:63.0) Gecko/20100101 Firefox/63.0"
::1 - - [14/Nov/2018:00:45:29 +0000] "GET /log/access.log HTTP/1.1" - - "-" "Mozilla/5.0 (Windows NT 10.0; Win64; x64; rv:63.0) Gecko/20100101 Firefox/63.0"
::1 - - [14/Nov/2018:00:47:29 +0000] "GET /log/access.log HTTP/1.1" - - "-" "Mozilla/5.0 (Windows NT 10.0; Win64; x64; rv:63.0) Gecko/20100101 Firefox/63.0"
::1 - - [14/Nov/2018:00:49:29 +0000] "GET /log/access.log HTTP/1.1" - - "-" "Mozilla/5.0 (Windows NT 10.0; Win64; x64; rv:63.0) Gecko/20100101 Firefox/63.0"
::1 - - [14/Nov/2018:00:51:29 +0000] "GET /log/access.log HTTP/1.1" - - "-" "Mozilla/5.0 (Windows NT 10.0; Win64; x64; rv:63.0) Gecko/20100101 Firefox/63.0"
::1 - - [14/Nov/2018:00:51:51 +0000] "GET /log/access.log HTTP/1.1" - - "-" "Mozilla/5.0 (Windows NT 10.0; Win64; x64; rv:63.0) Gecko/20100101 Firefox/63.0"
::1 - - [14/Nov/2018:02:12:59 +0000] "GET /api/logs HTTP/1.1" 200 2680 "-" "PostmanRuntime/7.3.0"
